/* Zane Durkin
 * Lab10
 * November 3 2016
 */

Enter File Name:
DNA1.dat

--+---+---+---+---+---+---+---+---+---+---+---+---+---+---+---+---+---+---+---+---+---+---+---+---+---+---+---+--
  |   |   |   |   |   |   |   |   |   |   |   |   |   |   |   |   |   |   |   |   |   |   |   |   |   |   |   |   
  C   G   T   A   C   G   T   A   C   G   T   A   C   G   T   A   C   G   T   A   C   G   T   A   C   G   T   A   
  .   .   .   .   .   .   .   .   .   .   .   .   .   .   .   .   .   .   .   .   .   .   .   .   .   .   .   .   
  G   C   A   T   G   C   A   T   G   C   A   T   G   C   A   T   G   C   A   T   G   C   A   T   G   C   A   T   
  |   |   |   |   |   |   |   |   |   |   |   |   |   |   |   |   |   |   |   |   |   |   |   |   |   |   |   |   
--+---+---+---+---+---+---+---+---+---+---+---+---+---+---+---+---+---+---+---+---+---+---+---+---+---+---+---+--
Prefix 1 is: CGTACGT
--+---+---+---+---+---+---+--
  |   |   |   |   |   |   |   
  C   G   T   A   C   G   T   
  .   .   .   .   .   .   .   
  G   C   A   T   G   C   A   
  |   |   |   |   |   |   |   
--+---+---+---+---+---+---+--
Prefix 2 is: CGTACGTAC
--+---+---+---+---+---+---+---+---+--
  |   |   |   |   |   |   |   |   |   
  C   G   T   A   C   G   T   A   C   
  .   .   .   .   .   .   .   .   .   
  G   C   A   T   G   C   A   T   G   
  |   |   |   |   |   |   |   |   |   
--+---+---+---+---+---+---+---+---+--

Enter File Name:
DNA2.dat

--+---+---+---+---+---+---+---+---+---+---+---+---+---+---+---+---+---+---+---+---+---+---+---+---+---+---+---+---+---+---+---+---+---+---+---+---+---+---+---+---+---+---+---+---+---+---+---+--
  |   |   |   |   |   |   |   |   |   |   |   |   |   |   |   |   |   |   |   |   |   |   |   |   |   |   |   |   |   |   |   |   |   |   |   |   |   |   |   |   |   |   |   |   |   |   |   |   
  T   A   C   G   T   A   C   G   T   A   C   G   T   A   C   G   T   A   C   G   T   A   C   G   T   A   C   G   T   A   C   G   T   A   C   G   T   A   C   G   T   A   C   G   T   A   C   G   
  .   .   .   .   .   .   .   .   .   .   .   .   .   .   .   .   .   .   .   .   .   .   .   .   .   .   .   .   .   .   .   .   .   .   .   .   .   .   .   .   .   .   .   .   .   .   .   .   
  A   T   G   C   A   T   G   C   A   T   G   C   A   T   G   C   A   T   G   C   A   T   G   C   A   T   G   C   A   T   G   C   A   T   G   C   A   T   G   C   A   T   G   C   A   T   G   C   
  |   |   |   |   |   |   |   |   |   |   |   |   |   |   |   |   |   |   |   |   |   |   |   |   |   |   |   |   |   |   |   |   |   |   |   |   |   |   |   |   |   |   |   |   |   |   |   |   
--+---+---+---+---+---+---+---+---+---+---+---+---+---+---+---+---+---+---+---+---+---+---+---+---+---+---+---+---+---+---+---+---+---+---+---+---+---+---+---+---+---+---+---+---+---+---+---+--
Prefix 1 is: TACGTAC
--+---+---+---+---+---+---+--
  |   |   |   |   |   |   |   
  T   A   C   G   T   A   C   
  .   .   .   .   .   .   .   
  A   T   G   C   A   T   G   
  |   |   |   |   |   |   |   
--+---+---+---+---+---+---+--
Prefix 2 is: TACGTACGT
--+---+---+---+---+---+---+---+---+--
  |   |   |   |   |   |   |   |   |   
  T   A   C   G   T   A   C   G   T   
  .   .   .   .   .   .   .   .   .   
  A   T   G   C   A   T   G   C   A   
  |   |   |   |   |   |   |   |   |   
--+---+---+---+---+---+---+---+---+--

Enter File Name:
DNA3.dat

--+---+---+---+---+---+---+---+---+---+---+---+---+---+---+---+---+---+---+---+---+---+---+---+---+---+---+---+---+---+---+---+---+---+---+---+---+---+---+---+---+---+---+---+---+---+---+---+---+---+---+---+---+---+---+---+---+---+---+---+---+---+---+---+---+---+---+---+---+---+---+---+---+---+---+---+---+---+---+---+--
  |   |   |   |   |   |   |   |   |   |   |   |   |   |   |   |   |   |   |   |   |   |   |   |   |   |   |   |   |   |   |   |   |   |   |   |   |   |   |   |   |   |   |   |   |   |   |   |   |   |   |   |   |   |   |   |   |   |   |   |   |   |   |   |   |   |   |   |   |   |   |   |   |   |   |   |   |   |   |   |   
  A   C   G   T   A   C   G   T   A   C   G   T   A   C   G   T   A   C   G   T   A   C   G   T   A   C   G   T   A   C   G   T   A   C   G   T   A   C   G   T   A   C   G   T   A   C   G   T   A   C   G   T   A   C   G   T   A   C   G   T   A   C   G   T   A   C   G   T   A   C   G   T   A   C   G   T   A   C   G   T   
  .   .   .   .   .   .   .   .   .   .   .   .   .   .   .   .   .   .   .   .   .   .   .   .   .   .   .   .   .   .   .   .   .   .   .   .   .   .   .   .   .   .   .   .   .   .   .   .   .   .   .   .   .   .   .   .   .   .   .   .   .   .   .   .   .   .   .   .   .   .   .   .   .   .   .   .   .   .   .   .   
  T   G   C   A   T   G   C   A   T   G   C   A   T   G   C   A   T   G   C   A   T   G   C   A   T   G   C   A   T   G   C   A   T   G   C   A   T   G   C   A   T   G   C   A   T   G   C   A   T   G   C   A   T   G   C   A   T   G   C   A   T   G   C   A   T   G   C   A   T   G   C   A   T   G   C   A   T   G   C   A   
  |   |   |   |   |   |   |   |   |   |   |   |   |   |   |   |   |   |   |   |   |   |   |   |   |   |   |   |   |   |   |   |   |   |   |   |   |   |   |   |   |   |   |   |   |   |   |   |   |   |   |   |   |   |   |   |   |   |   |   |   |   |   |   |   |   |   |   |   |   |   |   |   |   |   |   |   |   |   |   |   
--+---+---+---+---+---+---+---+---+---+---+---+---+---+---+---+---+---+---+---+---+---+---+---+---+---+---+---+---+---+---+---+---+---+---+---+---+---+---+---+---+---+---+---+---+---+---+---+---+---+---+---+---+---+---+---+---+---+---+---+---+---+---+---+---+---+---+---+---+---+---+---+---+---+---+---+---+---+---+---+--
Prefix 1 is: ACGTACG
--+---+---+---+---+---+---+--
  |   |   |   |   |   |   |   
  A   C   G   T   A   C   G   
  .   .   .   .   .   .   .   
  T   G   C   A   T   G   C   
  |   |   |   |   |   |   |   
--+---+---+---+---+---+---+--
Prefix 2 is: ACGTACGTA
--+---+---+---+---+---+---+---+---+--
  |   |   |   |   |   |   |   |   |   
  A   C   G   T   A   C   G   T   A   
  .   .   .   .   .   .   .   .   .   
  T   G   C   A   T   G   C   A   T   
  |   |   |   |   |   |   |   |   |   
--+---+---+---+---+---+---+---+---+--
