/* Zane Durkin
 * LAB 10
 * November 3 2016
 */

Enter File Name:
DNA1.dat

--+---+---+---+---+---+---+---+---+---+---+---+---+---+---+---+---+---+---+---+---+---+---+---+---+---+---+---+--
  |   |   |   |   |   |   |   |   |   |   |   |   |   |   |   |   |   |   |   |   |   |   |   |   |   |   |   |   
  C   G   T   A   C   G   T   A   C   G   T   A   C   G   T   A   C   G   T   A   C   G   T   A   C   G   T   A   
  .   .   .   .   .   .   .   .   .   .   .   .   .   .   .   .   .   .   .   .   .   .   .   .   .   .   .   .   
  G   C   A   T   G   C   A   T   G   C   A   T   G   C   A   T   G   C   A   T   G   C   A   T   G   C   A   T   
  |   |   |   |   |   |   |   |   |   |   |   |   |   |   |   |   |   |   |   |   |   |   |   |   |   |   |   |   
--+---+---+---+---+---+---+---+---+---+---+---+---+---+---+---+---+---+---+---+---+---+---+---+---+---+---+---+--
Prefix is: CGTA

Enter File Name:
DNA2.dat

--+---+---+---+---+---+---+---+---+---+---+---+---+---+---+---+---+---+---+---+---+---+---+---+---+---+---+---+---+---+---+---+---+---+---+---+---+---+---+---+---+---+---+---+---+---+---+---+--
  |   |   |   |   |   |   |   |   |   |   |   |   |   |   |   |   |   |   |   |   |   |   |   |   |   |   |   |   |   |   |   |   |   |   |   |   |   |   |   |   |   |   |   |   |   |   |   |   
  T   A   C   G   T   A   C   G   T   A   C   G   T   A   C   G   T   A   C   G   T   A   C   G   T   A   C   G   T   A   C   G   T   A   C   G   T   A   C   G   T   A   C   G   T   A   C   G   
  .   .   .   .   .   .   .   .   .   .   .   .   .   .   .   .   .   .   .   .   .   .   .   .   .   .   .   .   .   .   .   .   .   .   .   .   .   .   .   .   .   .   .   .   .   .   .   .   
  A   T   G   C   A   T   G   C   A   T   G   C   A   T   G   C   A   T   G   C   A   T   G   C   A   T   G   C   A   T   G   C   A   T   G   C   A   T   G   C   A   T   G   C   A   T   G   C   
  |   |   |   |   |   |   |   |   |   |   |   |   |   |   |   |   |   |   |   |   |   |   |   |   |   |   |   |   |   |   |   |   |   |   |   |   |   |   |   |   |   |   |   |   |   |   |   |   
--+---+---+---+---+---+---+---+---+---+---+---+---+---+---+---+---+---+---+---+---+---+---+---+---+---+---+---+---+---+---+---+---+---+---+---+---+---+---+---+---+---+---+---+---+---+---+---+--
Prefix is: TACG

Enter File Name:
DNA3.dat

--+---+---+---+---+---+---+---+---+---+---+---+---+---+---+---+---+---+---+---+---+---+---+---+---+---+---+---+---+---+---+---+---+---+---+---+---+---+---+---+---+---+---+---+---+---+---+---+---+---+---+---+---+---+---+---+---+---+---+---+---+---+---+---+---+---+---+---+---+---+---+---+---+---+---+---+---+---+---+---+--
  |   |   |   |   |   |   |   |   |   |   |   |   |   |   |   |   |   |   |   |   |   |   |   |   |   |   |   |   |   |   |   |   |   |   |   |   |   |   |   |   |   |   |   |   |   |   |   |   |   |   |   |   |   |   |   |   |   |   |   |   |   |   |   |   |   |   |   |   |   |   |   |   |   |   |   |   |   |   |   |   
  A   C   G   T   A   C   G   T   A   C   G   T   A   C   G   T   A   C   G   T   A   C   G   T   A   C   G   T   A   C   G   T   A   C   G   T   A   C   G   T   A   C   G   T   A   C   G   T   A   C   G   T   A   C   G   T   A   C   G   T   A   C   G   T   A   C   G   T   A   C   G   T   A   C   G   T   A   C   G   T   
  .   .   .   .   .   .   .   .   .   .   .   .   .   .   .   .   .   .   .   .   .   .   .   .   .   .   .   .   .   .   .   .   .   .   .   .   .   .   .   .   .   .   .   .   .   .   .   .   .   .   .   .   .   .   .   .   .   .   .   .   .   .   .   .   .   .   .   .   .   .   .   .   .   .   .   .   .   .   .   .   
  T   G   C   A   T   G   C   A   T   G   C   A   T   G   C   A   T   G   C   A   T   G   C   A   T   G   C   A   T   G   C   A   T   G   C   A   T   G   C   A   T   G   C   A   T   G   C   A   T   G   C   A   T   G   C   A   T   G   C   A   T   G   C   A   T   G   C   A   T   G   C   A   T   G   C   A   T   G   C   A   
  |   |   |   |   |   |   |   |   |   |   |   |   |   |   |   |   |   |   |   |   |   |   |   |   |   |   |   |   |   |   |   |   |   |   |   |   |   |   |   |   |   |   |   |   |   |   |   |   |   |   |   |   |   |   |   |   |   |   |   |   |   |   |   |   |   |   |   |   |   |   |   |   |   |   |   |   |   |   |   |   
--+---+---+---+---+---+---+---+---+---+---+---+---+---+---+---+---+---+---+---+---+---+---+---+---+---+---+---+---+---+---+---+---+---+---+---+---+---+---+---+---+---+---+---+---+---+---+---+---+---+---+---+---+---+---+---+---+---+---+---+---+---+---+---+---+---+---+---+---+---+---+---+---+---+---+---+---+---+---+---+--
Prefix is: ACGT
